<?xml version="1.0" encoding="UTF-8"?>
<!-- Generated by org.testng.reporters.JUnitXMLReporter -->
<testsuite hostname="dev-vm" name="Test" tests="8" failures="0" timestamp="24 Apr 2022 12:47:34 GMT" time="111.45" errors="0">
  <testcase name="test_createNewRepository" time="22.467" classname="selenium.test.RepositoryTest"/>
  <testcase name="test_getDynamicElementRepositoryList" time="14.408" classname="selenium.test.RepositoryTest"/>
  <testcase name="test_getRepositoryCountCssSelector" time="11.172" classname="selenium.test.RepositoryTest"/>
  <testcase name="test_getRepositoryCountXpath" time="12.419" classname="selenium.test.RepositoryTest"/>
  <testcase name="test_getRepositoryCountXpathAbs" time="11.25" classname="selenium.test.RepositoryTest"/>
  <testcase name="test_getStaticElementSummary" time="9.723" classname="selenium.test.RepositoryTest"/>
  <testcase name="test_loginToApplication" time="9.708" classname="selenium.test.LoginTest"/>
  <testcase name="test_navigateToWebsite" time="3.381" classname="selenium.test.LoginTest"/>
</testsuite> <!-- Test -->
